0 info it worked if it ends with ok
1 verbose cli [ 'C:\\Program Files\\nodejs\\node.exe',
1 verbose cli   'C:\\Program Files\\nodejs\\node_modules\\npm\\bin\\npm-cli.js',
1 verbose cli   'start' ]
2 info using npm@3.10.10
3 info using node@v6.10.1
4 verbose run-script [ 'prestart', 'start', 'poststart' ]
5 info lifecycle ssb-handbook@0.0.0~prestart: ssb-handbook@0.0.0
6 silly lifecycle ssb-handbook@0.0.0~prestart: no script for prestart, continuing
7 info lifecycle ssb-handbook@0.0.0~start: ssb-handbook@0.0.0
8 verbose lifecycle ssb-handbook@0.0.0~start: unsafe-perm in lifecycle true
9 verbose lifecycle ssb-handbook@0.0.0~start: PATH: C:\Users\av8ta\AppData\Roaming\nvm\v6.10.1\node_modules\npm\bin\node-gyp-bin;C:\code\ssb-handbook\node_modules\.bin;C:\WINDOWS\system32;C:\WINDOWS;C:\WINDOWS\System32\Wbem;C:\WINDOWS\System32\WindowsPowerShell\v1.0\;C:\Users\av8ta\AppData\Roaming\nvm;C:\Program Files\nodejs;C:\Program Files\SourceGear\Common\DiffMerge\;C:\Program Files\Git\cmd;C:\Program Files\Git\mingw64\bin;C:\Program Files\Git\usr\bin;C:\Program Files (x86)\GNU\GnuPG\pub;C:\Program Files\MongoDB\Server\3.4\bin;C:\Program Files (x86)\MSBuild\14.0\Bin;C:\Program Files (x86)\MSBuild\Microsoft.Cpp\v4.0\v140;C:\Program Files (x86)\Windows Kits\10\Windows Performance Toolkit\;C:\Program Files (x86)\mingw-w64\i686-6.3.0-posix-dwarf-rt_v5-rev2\mingw32\bin;C:\Users\av8ta\AppData\Local\Microsoft\WindowsApps;C:\Users\av8ta\AppData\Roaming\nvm;C:\Program Files\nodejs;C:\Program Files (x86)\Microsoft VS Code Insiders\bin;C:\Program Files\Heroku\bin;C:\Users\av8ta\.windows-build-tools\python27;C:\Users\av8ta\.windows-build-tools;C:\LibTool\bin;;C:\Program Files (x86)\Microsoft VS Code\bin
10 verbose lifecycle ssb-handbook@0.0.0~start: CWD: C:\code\ssb-handbook
11 silly lifecycle ssb-handbook@0.0.0~start: Args: [ '/d /s /c', 'gitbook serve' ]
12 silly lifecycle ssb-handbook@0.0.0~start: Returned: code: 1  signal: null
13 info lifecycle ssb-handbook@0.0.0~start: Failed to exec start script
14 verbose stack Error: ssb-handbook@0.0.0 start: `gitbook serve`
14 verbose stack Exit status 1
14 verbose stack     at EventEmitter.<anonymous> (C:\Users\av8ta\AppData\Roaming\nvm\v6.10.1\node_modules\npm\lib\utils\lifecycle.js:255:16)
14 verbose stack     at emitTwo (events.js:106:13)
14 verbose stack     at EventEmitter.emit (events.js:191:7)
14 verbose stack     at ChildProcess.<anonymous> (C:\Users\av8ta\AppData\Roaming\nvm\v6.10.1\node_modules\npm\lib\utils\spawn.js:40:14)
14 verbose stack     at emitTwo (events.js:106:13)
14 verbose stack     at ChildProcess.emit (events.js:191:7)
14 verbose stack     at maybeClose (internal/child_process.js:886:16)
14 verbose stack     at Process.ChildProcess._handle.onexit (internal/child_process.js:226:5)
15 verbose pkgid ssb-handbook@0.0.0
16 verbose cwd C:\code\ssb-handbook
17 error Windows_NT 10.0.15063
18 error argv "C:\\Program Files\\nodejs\\node.exe" "C:\\Program Files\\nodejs\\node_modules\\npm\\bin\\npm-cli.js" "start"
19 error node v6.10.1
20 error npm  v3.10.10
21 error code ELIFECYCLE
22 error ssb-handbook@0.0.0 start: `gitbook serve`
22 error Exit status 1
23 error Failed at the ssb-handbook@0.0.0 start script 'gitbook serve'.
23 error Make sure you have the latest version of node.js and npm installed.
23 error If you do, this is most likely a problem with the ssb-handbook package,
23 error not with npm itself.
23 error Tell the author that this fails on your system:
23 error     gitbook serve
23 error You can get information on how to open an issue for this project with:
23 error     npm bugs ssb-handbook
23 error Or if that isn't available, you can get their info via:
23 error     npm owner ls ssb-handbook
23 error There is likely additional logging output above.
24 verbose exit [ 1, true ]
